2021-05-06T17:15:52,342  INFO CallableThreadPools: count started ...
2021-05-06T17:15:57,561  INFO CallableThreadPools: count = 16000000000
2021-05-06T17:15:57,561  INFO CallableThreadPools: Available processors: 4
2021-05-06T17:15:57,561  INFO CallableThreadPools: Pool count started ...
2021-05-06T17:16:00,219  INFO CallableThreadPools: Pool count = 16000000000
2021-05-06T17:16:00,223  INFO CallableThreadPools: StopWatch '': running time = 7877431144 ns
---------------------------------------------
ns         %     Task name
---------------------------------------------
5219813558  066%  single count
2657617586  034%  pool count

2021-05-06T17:20:40,383  INFO CallableThreadPools:27 count started ...
2021-05-06T17:20:45,638  INFO CallableThreadPools:32 count = 16000000000
2021-05-06T17:20:45,639  INFO CallableThreadPools:37 Available processors: 4
2021-05-06T17:20:45,639  INFO CallableThreadPools:38 Pool count started ...
2021-05-06T17:20:48,676  INFO CallableThreadPools:53 Pool count = 16000000000
2021-05-06T17:20:48,683  INFO CallableThreadPools:55 StopWatch '': running time = 8293088529 ns
---------------------------------------------
ns         %     Task name
---------------------------------------------
5255732110  063%  single count
3037356419  037%  pool count

2021-05-06T17:21:49,575  INFO CallableThreadPools:27 count started ...
2021-05-06T17:21:54,822  INFO CallableThreadPools:32 count = 16000000000
2021-05-06T17:21:54,823  INFO CallableThreadPools:37 Available processors: 4
2021-05-06T17:21:54,823  INFO CallableThreadPools:38 Pool count started ...
2021-05-06T17:21:57,551  INFO CallableThreadPools:53 Pool count = 16000000000
2021-05-06T17:21:57,557  INFO CallableThreadPools:55 StopWatch '': running time = 7975678403 ns
---------------------------------------------
ns         %     Task name
---------------------------------------------
5247513714  066%  single count
2728164689  034%  pool count

2021-05-06T17:23:30,591  INFO CallableThreadPools:27 count started ...
2021-05-06T17:23:36,062  INFO CallableThreadPools:32 count = 16000000000
2021-05-06T17:23:36,062  INFO CallableThreadPools:34 calc took 5 sec
2021-05-06T17:23:36,062  INFO CallableThreadPools:38 Available processors: 4
2021-05-06T17:23:36,063  INFO CallableThreadPools:39 Pool count started ...
2021-05-06T17:23:38,901  INFO CallableThreadPools:49 calc took 2 sec
2021-05-06T17:23:38,902  INFO CallableThreadPools:55 Pool count = 16000000000
2021-05-06T17:23:38,906  INFO CallableThreadPools:57 StopWatch '': running time = 8310389857 ns
---------------------------------------------
ns         %     Task name
---------------------------------------------
5471655233  066%  single count
2838734624  034%  pool count

2021-05-06T17:24:40,803  INFO CallableThreadPools:27 count started ...
2021-05-06T17:24:47,355  INFO CallableThreadPools:32 count = 16000000000
2021-05-06T17:24:47,357  INFO CallableThreadPools:34 calc took 6552929 ms
2021-05-06T17:24:47,357  INFO CallableThreadPools:38 Available processors: 4
2021-05-06T17:24:47,357  INFO CallableThreadPools:39 Pool count started ...
2021-05-06T17:24:51,414  INFO CallableThreadPools:49 calc took 4056055 ms
2021-05-06T17:24:51,415  INFO CallableThreadPools:55 Pool count = 16000000000
2021-05-06T17:24:51,424  INFO CallableThreadPools:57 StopWatch '': running time = 10608984812 ns
---------------------------------------------
ns         %     Task name
---------------------------------------------
6552929757  062%  single count
4056055055  038%  pool count

2021-05-06T17:25:03,934  INFO CallableThreadPools:27 count started ...
2021-05-06T17:25:09,469  INFO CallableThreadPools:32 count = 16000000000
2021-05-06T17:25:09,470  INFO CallableThreadPools:34 calc took 5535 ms
2021-05-06T17:25:09,470  INFO CallableThreadPools:38 Available processors: 4
2021-05-06T17:25:09,470  INFO CallableThreadPools:39 Pool count started ...
2021-05-06T17:25:12,355  INFO CallableThreadPools:49 calc took 2885 ms
2021-05-06T17:25:12,355  INFO CallableThreadPools:55 Pool count = 16000000000
2021-05-06T17:25:12,360  INFO CallableThreadPools:57 StopWatch '': running time = 8421064916 ns
---------------------------------------------
ns         %     Task name
---------------------------------------------
5535919807  066%  single count
2885145109  034%  pool count

2021-05-06T17:26:05,602  INFO CallableThreadPools:27 count started ...
2021-05-06T17:26:10,984  INFO CallableThreadPools:32 count = 16000000000
2021-05-06T17:26:10,984  INFO CallableThreadPools:34 calc took 5383 ms
2021-05-06T17:26:10,984  INFO CallableThreadPools:38 Available processors: 4
2021-05-06T17:26:10,984  INFO CallableThreadPools:39 Pool count started ...
2021-05-06T17:26:13,657  INFO CallableThreadPools:49 calc took 2672 ms
2021-05-06T17:26:13,657  INFO CallableThreadPools:55 Pool count = 16000000000
2021-05-06T17:26:13,662  INFO CallableThreadPools:57 
StopWatch '': running time = 8056524321 ns
---------------------------------------------
ns         %     Task name
---------------------------------------------
5383861128  067%  single count
2672663193  033%  pool count

2021-05-06T17:27:34,514  INFO CallableThreadPools:27 count started ...
2021-05-06T17:27:40,460  INFO CallableThreadPools:32 count = 16000000000
2021-05-06T17:27:40,460  INFO CallableThreadPools:34 calc took 5946 ms
2021-05-06T17:27:40,461  INFO CallableThreadPools:38 Available processors: 4
2021-05-06T17:27:40,461  INFO CallableThreadPools:39 Pool count started ...
2021-05-06T17:27:43,911  INFO CallableThreadPools:53 Pool count = 16000000000
2021-05-06T17:27:43,911  INFO CallableThreadPools:55 calc took 3450 ms
2021-05-06T17:27:43,918  INFO CallableThreadPools:57 
StopWatch '': running time = 9397211445 ns
---------------------------------------------
ns         %     Task name
---------------------------------------------
5946348882  063%  single count
3450862563  037%  pool count

2021-05-06T17:40:47,504  INFO [tid:tn:tp] CallableThreadPools:27 count started ...
2021-05-06T17:40:53,188  INFO [tid:tn:tp] CallableThreadPools:32 count = 16000000000
2021-05-06T17:40:53,189  INFO [tid:tn:tp] CallableThreadPools:34 calc took 5684 ms
2021-05-06T17:40:53,190  INFO [tid:tn:tp] CallableThreadPools:38 Available processors: 4
2021-05-06T17:40:53,190  INFO [tid:tn:tp] CallableThreadPools:39 Pool count started ...
2021-05-06T17:40:56,124  INFO [tid:tn:tp] CallableThreadPools:53 Pool count = 16000000000
2021-05-06T17:40:56,124  INFO [tid:tn:tp] CallableThreadPools:55 calc took 2933 ms
2021-05-06T17:40:56,128  INFO [tid:tn:tp] CallableThreadPools:57 
StopWatch '': running time = 8617782985 ns
---------------------------------------------
ns         %     Task name
---------------------------------------------
5684045603  066%  single count
2933737382  034%  pool count

2021-05-06T17:41:08,121  INFO [tid:tn:tp] BlockThread:19 Blocking thread started ...
2021-05-06T17:41:08,121  INFO [tid:tn:tp] BlockThread:19 Blocking thread started ...
2021-05-06T17:41:08,128  INFO [tid:tn:tp] BlockThread:21 Blocking thread terminated ...
2021-05-06T17:41:08,129  INFO [tid:tn:tp] BlockThread:21 Blocking thread terminated ...
2021-05-06T17:41:49,566  INFO [tid:tn:tp] BlockThread:19 Blocking thread started ...
2021-05-06T17:41:49,566  INFO [tid:tn:tp] BlockThread:19 Blocking thread started ...
2021-05-06T17:41:49,575  INFO [tid:tn:tp] BlockThread:21 Blocking thread terminated ...
2021-05-06T17:41:49,575  INFO [tid:tn:tp] BlockThread:21 Blocking thread terminated ...
2021-05-06T17:42:22,728  INFO [16:Thread-2:5] BlockThread:19 Blocking thread started ...
2021-05-06T17:42:22,728  INFO [15:Thread-1:5] BlockThread:19 Blocking thread started ...
2021-05-06T17:42:22,735  INFO [15:Thread-1:5] BlockThread:21 Blocking thread terminated ...
2021-05-06T17:42:22,737  INFO [16:Thread-2:5] BlockThread:21 Blocking thread terminated ...
2021-05-06T17:58:50,317  INFO [16:Thread-2:5] BlockThread:27 Blocking thread started ...
2021-05-06T17:58:50,317  INFO [15:Thread-1:5] BlockThread:27 Blocking thread started ...
2021-05-06T18:03:58,006  INFO [15:Thread-1:5] BlockThread:27 Blocking thread started ...
2021-05-06T18:03:58,006  INFO [16:Thread-2:5] BlockThread:27 Blocking thread started ...
2021-05-06T19:26:06,809  INFO [1:main:5] CallableDemo:15 calc started ...
2021-05-06T19:26:06,815  INFO [1:main:5] CallableDemo:24 result = 45
2021-05-06T19:29:44,219  INFO [15:pool-2-thread-1:5] CallableDemo:20 calc started ...
2021-05-06T19:30:15,455  INFO [15:pool-2-thread-1:5] CallableDemo:20 calc started ...
2021-05-06T19:30:15,461  INFO [1:main:5] CallableDemo:33 result = 45
2021-05-06T19:42:35,689  INFO [15:pool-2-thread-1:5] CallableDemo:29 calc started ...
2021-05-06T19:42:35,694  INFO [15:pool-2-thread-1:5] CallableDemo:29 calc started ...
2021-05-06T19:42:35,694  INFO [15:pool-2-thread-1:5] CallableDemo:29 calc started ...
2021-05-06T19:42:35,694  INFO [15:pool-2-thread-1:5] CallableDemo:29 calc started ...
2021-05-06T19:42:35,694  INFO [15:pool-2-thread-1:5] CallableDemo:29 calc started ...
2021-05-06T19:42:35,694  INFO [15:pool-2-thread-1:5] CallableDemo:29 calc started ...
2021-05-06T19:42:35,695  INFO [15:pool-2-thread-1:5] CallableDemo:29 calc started ...
2021-05-06T19:42:35,695  INFO [15:pool-2-thread-1:5] CallableDemo:29 calc started ...
2021-05-06T19:42:35,695  INFO [15:pool-2-thread-1:5] CallableDemo:29 calc started ...
2021-05-06T19:42:35,695  INFO [15:pool-2-thread-1:5] CallableDemo:29 calc started ...
2021-05-06T19:42:35,698  INFO [1:main:5] CallableDemo:51 result = 5610
2021-05-06T19:43:05,168  INFO [15:pool-2-thread-1:5] CallableDemo:29 calc started ...
2021-05-06T19:43:05,172  INFO [15:pool-2-thread-1:5] CallableDemo:29 calc started ...
2021-05-06T19:43:05,172  INFO [15:pool-2-thread-1:5] CallableDemo:29 calc started ...
2021-05-06T19:43:05,172  INFO [15:pool-2-thread-1:5] CallableDemo:29 calc started ...
2021-05-06T19:43:05,172  INFO [15:pool-2-thread-1:5] CallableDemo:29 calc started ...
2021-05-06T19:43:05,173  INFO [15:pool-2-thread-1:5] CallableDemo:29 calc started ...
2021-05-06T19:43:05,173  INFO [15:pool-2-thread-1:5] CallableDemo:29 calc started ...
2021-05-06T19:43:05,173  INFO [15:pool-2-thread-1:5] CallableDemo:29 calc started ...
2021-05-06T19:43:05,173  INFO [15:pool-2-thread-1:5] CallableDemo:29 calc started ...
2021-05-06T19:43:05,173  INFO [15:pool-2-thread-1:5] CallableDemo:29 calc started ...
2021-05-06T19:43:05,176  INFO [1:main:5] CallableDemo:51 result = 5050
2021-05-06T19:44:10,672  INFO [15:pool-2-thread-1:5] CallableDemo:29 calc started ...
2021-05-06T19:44:10,672  INFO [21:pool-2-thread-7:5] CallableDemo:29 calc started ...
2021-05-06T19:44:10,673  INFO [19:pool-2-thread-5:5] CallableDemo:29 calc started ...
2021-05-06T19:44:10,673  INFO [17:pool-2-thread-3:5] CallableDemo:29 calc started ...
2021-05-06T19:44:10,672  INFO [20:pool-2-thread-6:5] CallableDemo:29 calc started ...
2021-05-06T19:44:10,672  INFO [22:pool-2-thread-8:5] CallableDemo:29 calc started ...
2021-05-06T19:44:10,673  INFO [18:pool-2-thread-4:5] CallableDemo:29 calc started ...
2021-05-06T19:44:10,672  INFO [23:pool-2-thread-9:5] CallableDemo:29 calc started ...
2021-05-06T19:44:10,672  INFO [24:pool-2-thread-10:5] CallableDemo:29 calc started ...
2021-05-06T19:44:10,672  INFO [16:pool-2-thread-2:5] CallableDemo:29 calc started ...
2021-05-06T19:44:10,683  INFO [1:main:5] CallableDemo:51 result = 5050
